Error: multiple output @typescript-eslint/consistent-type-assertions ESLint rule options were generated, but tslint-to-eslint-config doesn't have "merger" logic to deal with this.
Please file an issue at https://github.com/typescript-eslint/tslint-to-eslint-config/issues/new?template=missing_merger.md 🙏

[33marguments-order does not yet have an ESLint equivalent.[39m
[33mbool-param-default does not yet have an ESLint equivalent.[39m
[33mcognitive-complexity does not yet have an ESLint equivalent.[39m
[33mcomponent-class-suffix does not yet have an ESLint equivalent.[39m
[33mcomponent-max-inline-declarations does not yet have an ESLint equivalent.[39m
[33mcomponent-selector does not yet have an ESLint equivalent.[39m
[33mconsecutive-overloads does not yet have an ESLint equivalent.[39m
[33mcontextual-lifecycle does not yet have an ESLint equivalent.[39m
[33mdirective-class-suffix does not yet have an ESLint equivalent.[39m
[33mdirective-selector does not yet have an ESLint equivalent.[39m
[33mencoding does not yet have an ESLint equivalent.[39m
[33mimport-blacklist does not yet have an ESLint equivalent.[39m
[33mimport-spacing does not yet have an ESLint equivalent.[39m
[33mmax-switch-cases does not yet have an ESLint equivalent.[39m
[33mmax-union-size does not yet have an ESLint equivalent.[39m
[33mno-accessor-field-mismatch does not yet have an ESLint equivalent.[39m
[33mno-all-duplicated-branches does not yet have an ESLint equivalent.[39m
[33mno-alphabetical-sort does not yet have an ESLint equivalent.[39m
[33mno-array-delete does not yet have an ESLint equivalent.[39m
[33mno-attribute-decorator does not yet have an ESLint equivalent.[39m
[33mno-big-function does not yet have an ESLint equivalent.[39m
[33mno-boolean-literal-compare does not yet have an ESLint equivalent.[39m
[33mno-case-with-or does not yet have an ESLint equivalent.[39m
[33mno-collapsible-if does not yet have an ESLint equivalent.[39m
[33mno-collection-size-mischeck does not yet have an ESLint equivalent.[39m
[33mno-commented-code does not yet have an ESLint equivalent.[39m
[33mno-conflicting-lifecycle does not yet have an ESLint equivalent.[39m
[33mno-dead-store does not yet have an ESLint equivalent.[39m
[33mno-duplicate-in-composite does not yet have an ESLint equivalent.[39m
[33mno-duplicate-string does not yet have an ESLint equivalent.[39m
[33mno-duplicated-branches does not yet have an ESLint equivalent.[39m
[33mno-element-overwrite does not yet have an ESLint equivalent.[39m
[33mno-empty-array does not yet have an ESLint equivalent.[39m
[33mno-empty-destructuring does not yet have an ESLint equivalent.[39m
[33mno-empty-nested-blocks does not yet have an ESLint equivalent.[39m
[33mno-extra-semicolon does not yet have an ESLint equivalent.[39m
[33mno-forward-ref does not yet have an ESLint equivalent.[39m
[33mno-gratuitous-expressions does not yet have an ESLint equivalent.[39m
[33mno-hardcoded-credentials does not yet have an ESLint equivalent.[39m
[33mno-host-metadata-property does not yet have an ESLint equivalent.[39m
[33mno-identical-conditions does not yet have an ESLint equivalent.[39m
[33mno-identical-expressions does not yet have an ESLint equivalent.[39m
[33mno-identical-functions does not yet have an ESLint equivalent.[39m
[33mno-ignored-initial-value does not yet have an ESLint equivalent.[39m
[33mno-ignored-return does not yet have an ESLint equivalent.[39m
[33mno-in-misuse does not yet have an ESLint equivalent.[39m
[33mno-inconsistent-return does not yet have an ESLint equivalent.[39m
[33mno-inferred-empty-object-type does not yet have an ESLint equivalent.[39m
[33mno-input-rename does not yet have an ESLint equivalent.[39m
[33mno-inputs-metadata-property does not yet have an ESLint equivalent.[39m
[33mno-invalid-await does not yet have an ESLint equivalent.[39m
[33mno-invariant-return does not yet have an ESLint equivalent.[39m
[33mno-inverted-boolean-check does not yet have an ESLint equivalent.[39m
[33mno-lifecycle-call does not yet have an ESLint equivalent.[39m
[33mno-misleading-array-reverse does not yet have an ESLint equivalent.[39m
[33mno-misspelled-operator does not yet have an ESLint equivalent.[39m
[33mno-multiline-string-literals does not yet have an ESLint equivalent.[39m
[33mno-nested-switch does not yet have an ESLint equivalent.[39m
[33mno-nested-template-literals does not yet have an ESLint equivalent.[39m
[33mno-output-native does not yet have an ESLint equivalent.[39m
[33mno-output-on-prefix does not yet have an ESLint equivalent.[39m
[33mno-output-rename does not yet have an ESLint equivalent.[39m
[33mno-outputs-metadata-property does not yet have an ESLint equivalent.[39m
[33mno-pipe-impure does not yet have an ESLint equivalent.[39m
[33mno-queries-metadata-property does not yet have an ESLint equivalent.[39m
[33mno-redundant-boolean does not yet have an ESLint equivalent.[39m
[33mno-redundant-jump does not yet have an ESLint equivalent.[39m
[33mno-redundant-parentheses does not yet have an ESLint equivalent.[39m
[33mno-reference-import does not yet have an ESLint equivalent.[39m
[33mno-return-type-any does not yet have an ESLint equivalent.[39m
[33mno-same-line-conditional does not yet have an ESLint equivalent.[39m
[33mno-self-assignment does not yet have an ESLint equivalent.[39m
[33mno-small-switch does not yet have an ESLint equivalent.[39m
[33mno-statements-same-line does not yet have an ESLint equivalent.[39m
[33mno-try-promise does not yet have an ESLint equivalent.[39m
[33mno-unconditional-jump does not yet have an ESLint equivalent.[39m
[33mno-undefined-argument does not yet have an ESLint equivalent.[39m
[33mno-unenclosed-multiline-block does not yet have an ESLint equivalent.[39m
[33mno-unnecessary-callback-wrapper does not yet have an ESLint equivalent.[39m
[33mno-unsafe-any does not yet have an ESLint equivalent.[39m
[33mno-unthrown-error does not yet have an ESLint equivalent.[39m
[33mno-unused-array does not yet have an ESLint equivalent.[39m
[33mno-unused-css does not yet have an ESLint equivalent.[39m
[33mno-use-of-empty-return-value does not yet have an ESLint equivalent.[39m
[33mno-useless-cast does not yet have an ESLint equivalent.[39m
[33mno-useless-catch does not yet have an ESLint equivalent.[39m
[33mno-useless-increment does not yet have an ESLint equivalent.[39m
[33mno-useless-intersection does not yet have an ESLint equivalent.[39m
[33mno-variable-usage-before-declaration does not yet have an ESLint equivalent.[39m
[33mone-line does not yet have an ESLint equivalent.[39m
[33mparameters-max-number does not yet have an ESLint equivalent.[39m
[33mprefer-default-last does not yet have an ESLint equivalent.[39m
[33mprefer-immediate-return does not yet have an ESLint equivalent.[39m
[33mprefer-inline-decorator does not yet have an ESLint equivalent.[39m
[33mprefer-method-signature does not yet have an ESLint equivalent.[39m
[33mprefer-optional does not yet have an ESLint equivalent.[39m
[33mprefer-output-readonly does not yet have an ESLint equivalent.[39m
[33mprefer-promise-shorthand does not yet have an ESLint equivalent.[39m
[33mprefer-type-guard does not yet have an ESLint equivalent.[39m
[33mprettier does not yet have an ESLint equivalent.[39m
[33mtemplate-banana-in-box does not yet have an ESLint equivalent.[39m
[33mtemplate-conditional-complexity does not yet have an ESLint equivalent.[39m
[33mtemplate-cyclomatic-complexity does not yet have an ESLint equivalent.[39m
[33mtemplate-i18n does not yet have an ESLint equivalent.[39m
[33mtemplate-no-negated-async does not yet have an ESLint equivalent.[39m
[33mtemplate-use-track-by-function does not yet have an ESLint equivalent.[39m
[33muse-component-selector does not yet have an ESLint equivalent.[39m
[33muse-component-view-encapsulation does not yet have an ESLint equivalent.[39m
[33muse-lifecycle-interface does not yet have an ESLint equivalent.[39m
[33muse-pipe-decorator does not yet have an ESLint equivalent.[39m
[33muse-pipe-transform-interface does not yet have an ESLint equivalent.[39m
[33muse-primitive-type does not yet have an ESLint equivalent.[39m
[33muse-type-alias does not yet have an ESLint equivalent.[39m
[33mwhitespace does not yet have an ESLint equivalent.[39m
[33m[39m